0 info it worked if it ends with ok
1 verbose cli [ '/usr/local/Cellar/node/0.10.14/bin/node',
1 verbose cli   '/usr/local/bin/npm',
1 verbose cli   'start' ]
2 info using npm@1.3.5
3 info using node@v0.10.14
4 error Error: ENOENT, open '/Users/ndoiron404/Documents/bra-map-template/package.json'
5 error If you need help, you may report this log at:
5 error     <http://github.com/isaacs/npm/issues>
5 error or email it to:
5 error     <npm-@googlegroups.com>
6 error System Darwin 11.4.2
7 error command "/usr/local/Cellar/node/0.10.14/bin/node" "/usr/local/bin/npm" "start"
8 error cwd /Users/ndoiron404/Documents/bra-map-template
9 error node -v v0.10.14
10 error npm -v 1.3.5
11 error path /Users/ndoiron404/Documents/bra-map-template/package.json
12 error code ENOENT
13 error errno 34
14 verbose exit [ 34, true ]
